Performing C SOURCE FILE Test CMAKE_HAVE_LIBC_PTHREAD failed with the following output:
Change Dir: /home/scratch.isaacw_gpu/Code/triton/python/CMakeFiles/CMakeScratch/TryCompile-5eEYGE

Run Build Command(s):/bin/make -f Makefile cmTC_3b9e4/fast && /bin/make  -f CMakeFiles/cmTC_3b9e4.dir/build.make CMakeFiles/cmTC_3b9e4.dir/build
make[1]: Entering directory '/home/scratch.isaacw_gpu/Code/triton/python/CMakeFiles/CMakeScratch/TryCompile-5eEYGE'
Building C object CMakeFiles/cmTC_3b9e4.dir/src.c.o
/bin/cc -DCMAKE_HAVE_LIBC_PTHREAD   -o CMakeFiles/cmTC_3b9e4.dir/src.c.o -c /home/scratch.isaacw_gpu/Code/triton/python/CMakeFiles/CMakeScratch/TryCompile-5eEYGE/src.c
Linking C executable cmTC_3b9e4
/home/scratch.isaacw_gpu/anaconda3/envs/conda_0/lib/python3.10/site-packages/cmake/data/bin/cmake -E cmake_link_script CMakeFiles/cmTC_3b9e4.dir/link.txt --verbose=1
/bin/cc CMakeFiles/cmTC_3b9e4.dir/src.c.o -o cmTC_3b9e4 
/bin/ld: CMakeFiles/cmTC_3b9e4.dir/src.c.o: in function `main':
src.c:(.text+0x46): undefined reference to `pthread_create'
/bin/ld: src.c:(.text+0x52): undefined reference to `pthread_detach'
/bin/ld: src.c:(.text+0x5e): undefined reference to `pthread_cancel'
/bin/ld: src.c:(.text+0x6f): undefined reference to `pthread_join'
collect2: error: ld returned 1 exit status
make[1]: *** [CMakeFiles/cmTC_3b9e4.dir/build.make:99: cmTC_3b9e4] Error 1
make[1]: Leaving directory '/home/scratch.isaacw_gpu/Code/triton/python/CMakeFiles/CMakeScratch/TryCompile-5eEYGE'
make: *** [Makefile:127: cmTC_3b9e4/fast] Error 2


Source file was:
#include <pthread.h>

static void* test_func(void* data)
{
  return data;
}

int main(void)
{
  pthread_t thread;
  pthread_create(&thread, NULL, test_func, NULL);
  pthread_detach(thread);
  pthread_cancel(thread);
  pthread_join(thread, NULL);
  pthread_atfork(NULL, NULL, NULL);
  pthread_exit(NULL);

  return 0;
}


Determining if the function pthread_create exists in the pthreads failed with the following output:
Change Dir: /home/scratch.isaacw_gpu/Code/triton/python/CMakeFiles/CMakeScratch/TryCompile-PUa7YB

Run Build Command(s):/bin/make -f Makefile cmTC_a1bdc/fast && /bin/make  -f CMakeFiles/cmTC_a1bdc.dir/build.make CMakeFiles/cmTC_a1bdc.dir/build
make[1]: Entering directory '/home/scratch.isaacw_gpu/Code/triton/python/CMakeFiles/CMakeScratch/TryCompile-PUa7YB'
Building C object CMakeFiles/cmTC_a1bdc.dir/CheckFunctionExists.c.o
/bin/cc   -DCHECK_FUNCTION_EXISTS=pthread_create -o CMakeFiles/cmTC_a1bdc.dir/CheckFunctionExists.c.o -c /home/scratch.isaacw_gpu/Code/triton/python/CMakeFiles/CMakeScratch/TryCompile-PUa7YB/CheckFunctionExists.c
Linking C executable cmTC_a1bdc
/home/scratch.isaacw_gpu/anaconda3/envs/conda_0/lib/python3.10/site-packages/cmake/data/bin/cmake -E cmake_link_script CMakeFiles/cmTC_a1bdc.dir/link.txt --verbose=1
/bin/cc  -DCHECK_FUNCTION_EXISTS=pthread_create CMakeFiles/cmTC_a1bdc.dir/CheckFunctionExists.c.o -o cmTC_a1bdc  -lpthreads 
/bin/ld: cannot find -lpthreads
collect2: error: ld returned 1 exit status
make[1]: *** [CMakeFiles/cmTC_a1bdc.dir/build.make:99: cmTC_a1bdc] Error 1
make[1]: Leaving directory '/home/scratch.isaacw_gpu/Code/triton/python/CMakeFiles/CMakeScratch/TryCompile-PUa7YB'
make: *** [Makefile:127: cmTC_a1bdc/fast] Error 2



